[LOG] System::create                           : Header version = 1.10.02. Current version = 1.10.02.
[LOG] Manager::init                            : maxchannels = 256 studioflags = 00000006 flags 00000000 extradriverdata 0x0.
[LOG] SystemI::init                            : FMOD Studio Version: 00011002 (92217)
[LOG] SystemI::init                            : maxchannels = 256, flags = 00020000, extradriverdata = 0x0
[LOG] SystemI::setOutputInternal               : Setting output to type 0
[LOG] SystemI::setOutputInternal               : Setting output to type 12
[LOG] OutputCoreAudio::enumerate               : Enumerating...
[LOG] OutputCoreAudio::enumerate               : Found output driver: "Built-in Output".
[LOG] OutputCoreAudio::enumerate               : Found output driver: "Soundflower (2ch)".
[LOG] OutputCoreAudio::enumerate               : Found output driver: "Soundflower (64ch)".
[LOG] OutputCoreAudio::enumerate               : Done.
[LOG] SystemI::setOutputInternal               : Setting output to type 12
[LOG] SystemI::setOutputInternal               : Setting output to type 12
[LOG] SystemI::setOutputInternal               : Setting output to type 12
[LOG] OutputCoreAudio::init                    : Output running 2 channels at 44100Hz sample rate.
[LOG] OutputCoreAudio::init                    : Maximum hardware read size: 1024 samples, Software buffer size: 512 samples, Number of software buffers: 4.
[WRN] SystemI::init                            : Output requires a sample rate of 44100Hz, resampling will occur.
[LOG] SystemI::init                            : Create master channel group and master sound group.
[LOG] SystemI::init                            : Set up emulated output.  256 channels
[LOG] SystemI::init                            : create the channel pool
[LOG] SystemI::init                            : create the stream thread
[LOG] Thread::initThread                       : Init FMOD stream thread. Priority: 2, Stack Size: 65536, Semaphore: No, Sleep Time: 10, Looping: Yes.
[LOG] Thread::initThread                       : Init FMOD mixer thread. Priority: 3, Stack Size: 49152, Semaphore: Yes, Sleep Time: 0, Looping: Yes.
[LOG] AsyncManager::init                       : manager 0x13ecd0a08 isAsync 0 updatePeriod 0.02
[LOG] AsyncManager::init                       : done
[LOG] PlaybackSystem::init                     : 
[LOG] Thread::initThread                       : Init FMOD Studio sample load thread. Priority: 0, Stack Size: 65536, Semaphore: No, Sleep Time: 1, Looping: No.
[LOG] PlaybackSystem::init                     : done
[LOG] Thread::initThread                       : Init FMOD Studio bank load thread. Priority: 0, Stack Size: 65536, Semaphore: No, Sleep Time: 1, Looping: No.
[LOG] Manager::init                            : done.
[LOG] Manager::readBank                        : fileversion = 99, compatVersion = 99 (oldest = 44, newest = 99)
[LOG] SystemI::createSoundInternal             : filename =  : mode 02000202
[LOG] SystemI::createSoundInternal             : exinfo->cbsize             = 232
[LOG] SystemI::createSoundInternal             : exinfo->length             = 344672
[LOG] SystemI::createSoundInternal             : exinfo->fileoffset         = 21056
[LOG] SystemI::createSoundInternal             : exinfo->numsubsounds       = 1
[LOG] SystemI::createSoundInternal             : exinfo->inclusionlist      = 0x7000001e17bc
[LOG] SystemI::createSoundInternal             : exinfo->inclusionlistnum   = 1
[LOG] SystemI::createSoundInternal             : exinfo->suggestedsoundtype = 5
[LOG] SystemI::createSoundInternal             : exinfo->useropen           = 0x13c48e01b
[LOG] SystemI::createSoundInternal             : exinfo->userclose          = 0x13c48e0d7
[LOG] SystemI::createSoundInternal             : exinfo->userread           = 0x13c48e107
[LOG] SystemI::createSoundInternal             : exinfo->userseek           = 0x13c48e1a4
[LOG] SystemI::createSoundInternal             : exinfo->fileuserdata       = 0x143d8d528
[LOG] SystemI::createSoundInternal             : exinfo->initialseekpostype = 1
[LOG] SystemI::DSPCodecPoolRegister            : register codec pool for pool type 5
[LOG] SystemI::createSoundInternal             : Format has 1 subsounds.
[LOG] SystemI::createSoundInternal             : Create as FMOD_CREATESAMPLE
[LOG] SystemI::createSoundInternal             : Multi-sample sound (1 subsounds), create a sample container.
[LOG] SystemI::createSoundInternal             : creating subsound 0/1
[LOG] SystemI::createSample                    : mode 02000202 length 9800 samples, lengthbytes 1952
[LOG] SystemI::createSample                    : channels = 1
[LOG] SystemI::createSample                    : output = 0x1479cd5d8
[LOG] OutputSoftware::createSample             : lengthpcm 9800, lengthbytes 1952, channels 1, format 2, freq 48000, mode 0200020a
[LOG] SystemI::createSoundInternal             : No name found in file, use filename.
[LOG] SystemI::createSoundInternal             : done.  OpenState now = FMOD_OPENSTATE_READY.

[LOG] SystemI::createSoundInternal             : filename =  : mode 02000202
[LOG] SystemI::createSoundInternal             : exinfo->cbsize             = 232
[LOG] SystemI::createSoundInternal             : exinfo->length             = 344672
[LOG] SystemI::createSoundInternal             : exinfo->fileoffset         = 21056
[LOG] SystemI::createSoundInternal             : exinfo->numsubsounds       = 1
[LOG] SystemI::createSoundInternal             : exinfo->inclusionlist      = 0x7000001e17bc
[LOG] SystemI::createSoundInternal             : exinfo->inclusionlistnum   = 1
[LOG] SystemI::createSoundInternal             : exinfo->suggestedsoundtype = 5
[LOG] SystemI::createSoundInternal             : exinfo->useropen           = 0x13c48e01b
[LOG] SystemI::createSoundInternal             : exinfo->userclose          = 0x13c48e0d7
[LOG] SystemI::createSoundInternal             : exinfo->userread           = 0x13c48e107
[LOG] SystemI::createSoundInternal             : exinfo->userseek           = 0x13c48e1a4
[LOG] SystemI::createSoundInternal             : exinfo->fileuserdata       = 0x143d8d528
[LOG] SystemI::createSoundInternal             : exinfo->initialseekpostype = 1
[LOG] SystemI::DSPCodecPoolRegister            : register codec pool for pool type 5
[LOG] SystemI::createSoundInternal             : Format has 1 subsounds.
[LOG] SystemI::createSoundInternal             : Create as FMOD_CREATESAMPLE
[LOG] SystemI::createSoundInternal             : Multi-sample sound (1 subsounds), create a sample container.
[LOG] SystemI::createSoundInternal             : creating subsound 0/1
[LOG] SystemI::createSample                    : mode 02000202 length 11616 samples, lengthbytes 2336
[LOG] SystemI::createSample                    : channels = 1
[LOG] SystemI::createSample                    : output = 0x1479cd5d8
[LOG] OutputSoftware::createSample             : lengthpcm 11616, lengthbytes 2336, channels 1, format 2, freq 48000, mode 0200020a
[LOG] SystemI::createSoundInternal             : No name found in file, use filename.
[LOG] SystemI::createSoundInternal             : done.  OpenState now = FMOD_OPENSTATE_READY.

[LOG] SystemI::createSoundInternal             : filename =  : mode 02000202
[LOG] SystemI::createSoundInternal             : exinfo->cbsize             = 232
[LOG] SystemI::createSoundInternal             : exinfo->length             = 344672
[LOG] SystemI::createSoundInternal             : exinfo->fileoffset         = 21056
[LOG] SystemI::createSoundInternal             : exinfo->numsubsounds       = 1
[LOG] SystemI::createSoundInternal             : exinfo->inclusionlist      = 0x7000001e17bc
[LOG] SystemI::createSoundInternal             : exinfo->inclusionlistnum   = 1
[LOG] SystemI::createSoundInternal             : exinfo->suggestedsoundtype = 5
[LOG] SystemI::createSoundInternal             : exinfo->useropen           = 0x13c48e01b
[LOG] SystemI::createSoundInternal             : exinfo->userclose          = 0x13c48e0d7
[LOG] SystemI::createSoundInternal             : exinfo->userread           = 0x13c48e107
[LOG] SystemI::createSoundInternal             : exinfo->userseek           = 0x13c48e1a4
[LOG] SystemI::createSoundInternal             : exinfo->fileuserdata       = 0x143d8d528
[LOG] SystemI::createSoundInternal             : exinfo->initialseekpostype = 1
[LOG] SystemI::DSPCodecPoolRegister            : register codec pool for pool type 5
[LOG] SystemI::createSoundInternal             : Format has 1 subsounds.
[LOG] SystemI::createSoundInternal             : Create as FMOD_CREATESAMPLE
[LOG] SystemI::createSoundInternal             : Multi-sample sound (1 subsounds), create a sample container.
[LOG] SystemI::createSoundInternal             : creating subsound 0/1
[LOG] SystemI::createSample                    : mode 02000202 length 11065 samples, lengthbytes 2336
[LOG] SystemI::createSample                    : channels = 1
[LOG] SystemI::createSample                    : output = 0x1479cd5d8
[LOG] OutputSoftware::createSample             : lengthpcm 11065, lengthbytes 2336, channels 1, format 2, freq 48000, mode 0200020a
[LOG] SystemI::createSoundInternal             : No name found in file, use filename.
[LOG] SystemI::createSoundInternal             : done.  OpenState now = FMOD_OPENSTATE_READY.

[LOG] SystemI::createSoundInternal             : filename =  : mode 02000202
[LOG] SystemI::createSoundInternal             : exinfo->cbsize             = 232
[LOG] SystemI::createSoundInternal             : exinfo->length             = 344672
[LOG] SystemI::createSoundInternal             : exinfo->fileoffset         = 21056
[LOG] SystemI::createSoundInternal             : exinfo->numsubsounds       = 1
[LOG] SystemI::createSoundInternal             : exinfo->inclusionlist      = 0x7000001e17bc
[LOG] SystemI::createSoundInternal             : exinfo->inclusionlistnum   = 1
[LOG] SystemI::createSoundInternal             : exinfo->suggestedsoundtype = 5
[LOG] SystemI::createSoundInternal             : exinfo->useropen           = 0x13c48e01b
[LOG] SystemI::createSoundInternal             : exinfo->userclose          = 0x13c48e0d7
[LOG] SystemI::createSoundInternal             : exinfo->userread           = 0x13c48e107
[LOG] SystemI::createSoundInternal             : exinfo->userseek           = 0x13c48e1a4
[LOG] SystemI::createSoundInternal             : exinfo->fileuserdata       = 0x143d8d528
[LOG] SystemI::createSoundInternal             : exinfo->initialseekpostype = 1
[LOG] SystemI::DSPCodecPoolRegister            : register codec pool for pool type 5
[LOG] SystemI::createSoundInternal             : Format has 1 subsounds.
[LOG] SystemI::createSoundInternal             : Create as FMOD_CREATESAMPLE
[LOG] SystemI::createSoundInternal             : Multi-sample sound (1 subsounds), create a sample container.
[LOG] SystemI::createSoundInternal             : creating subsound 0/1
[LOG] SystemI::createSample                    : mode 02000202 length 11496 samples, lengthbytes 2208
[LOG] SystemI::createSample                    : channels = 1
[LOG] SystemI::createSample                    : output = 0x1479cd5d8
[LOG] OutputSoftware::createSample             : lengthpcm 11496, lengthbytes 2208, channels 1, format 2, freq 48000, mode 0200020a
[LOG] SystemI::createSoundInternal             : No name found in file, use filename.
[LOG] SystemI::createSoundInternal             : done.  OpenState now = FMOD_OPENSTATE_READY.

[LOG] SystemI::createSoundInternal             : filename =  : mode 02000202
[LOG] SystemI::createSoundInternal             : exinfo->cbsize             = 232
[LOG] SystemI::createSoundInternal             : exinfo->length             = 344672
[LOG] SystemI::createSoundInternal             : exinfo->fileoffset         = 21056
[LOG] SystemI::createSoundInternal             : exinfo->numsubsounds       = 1
[LOG] SystemI::createSoundInternal             : exinfo->inclusionlist      = 0x7000001e17bc
[LOG] SystemI::createSoundInternal             : exinfo->inclusionlistnum   = 1
[LOG] SystemI::createSoundInternal             : exinfo->suggestedsoundtype = 5
[LOG] SystemI::createSoundInternal             : exinfo->useropen           = 0x13c48e01b
[LOG] SystemI::createSoundInternal             : exinfo->userclose          = 0x13c48e0d7
[LOG] SystemI::createSoundInternal             : exinfo->userread           = 0x13c48e107
[LOG] SystemI::createSoundInternal             : exinfo->userseek           = 0x13c48e1a4
[LOG] SystemI::createSoundInternal             : exinfo->fileuserdata       = 0x143d8d528
[LOG] SystemI::createSoundInternal             : exinfo->initialseekpostype = 1
[LOG] SystemI::DSPCodecPoolRegister            : register codec pool for pool type 5
[LOG] SystemI::createSoundInternal             : Format has 1 subsounds.
[LOG] SystemI::createSoundInternal             : Create as FMOD_CREATESAMPLE
[LOG] SystemI::createSoundInternal             : Multi-sample sound (1 subsounds), create a sample container.
[LOG] SystemI::createSoundInternal             : creating subsound 0/1
[LOG] SystemI::createSample                    : mode 02000202 length 13608 samples, lengthbytes 3168
[LOG] SystemI::createSample                    : channels = 1
[LOG] SystemI::createSample                    : output = 0x1479cd5d8
[LOG] OutputSoftware::createSample             : lengthpcm 13608, lengthbytes 3168, channels 1, format 2, freq 48000, mode 0200020a
[LOG] SystemI::createSoundInternal             : No name found in file, use filename.
[LOG] SystemI::createSoundInternal             : done.  OpenState now = FMOD_OPENSTATE_READY.

[LOG] SystemI::createSoundInternal             : filename =  : mode 02000202
[LOG] SystemI::createSoundInternal             : exinfo->cbsize             = 232
[LOG] SystemI::createSoundInternal             : exinfo->length             = 344672
[LOG] SystemI::createSoundInternal             : exinfo->fileoffset         = 21056
[LOG] SystemI::createSoundInternal             : exinfo->numsubsounds       = 1
[LOG] SystemI::createSoundInternal             : exinfo->inclusionlist      = 0x7000001e17bc
[LOG] SystemI::createSoundInternal             : exinfo->inclusionlistnum   = 1
[LOG] SystemI::createSoundInternal             : exinfo->suggestedsoundtype = 5
[LOG] SystemI::createSoundInternal             : exinfo->useropen           = 0x13c48e01b
[LOG] SystemI::createSoundInternal             : exinfo->userclose          = 0x13c48e0d7
[LOG] SystemI::createSoundInternal             : exinfo->userread           = 0x13c48e107
[LOG] SystemI::createSoundInternal             : exinfo->userseek           = 0x13c48e1a4
[LOG] SystemI::createSoundInternal             : exinfo->fileuserdata       = 0x143d8d528
[LOG] SystemI::createSoundInternal             : exinfo->initialseekpostype = 1
[LOG] SystemI::DSPCodecPoolRegister            : register codec pool for pool type 5
[LOG] SystemI::createSoundInternal             : Format has 1 subsounds.
[LOG] SystemI::createSoundInternal             : Create as FMOD_CREATESAMPLE
[LOG] SystemI::createSoundInternal             : Multi-sample sound (1 subsounds), create a sample container.
[LOG] SystemI::createSoundInternal             : creating subsound 0/1
[LOG] SystemI::createSample                    : mode 02000202 length 13128 samples, lengthbytes 2528
[LOG] SystemI::createSample                    : channels = 1
[LOG] SystemI::createSample                    : output = 0x1479cd5d8
[LOG] OutputSoftware::createSample             : lengthpcm 13128, lengthbytes 2528, channels 1, format 2, freq 48000, mode 0200020a
[LOG] SystemI::createSoundInternal             : No name found in file, use filename.
[LOG] SystemI::createSoundInternal             : done.  OpenState now = FMOD_OPENSTATE_READY.

[LOG] SystemI::createSoundInternal             : filename =  : mode 02000202
[LOG] SystemI::createSoundInternal             : exinfo->cbsize             = 232
[LOG] SystemI::createSoundInternal             : exinfo->length             = 344672
[LOG] SystemI::createSoundInternal             : exinfo->fileoffset         = 21056
[LOG] SystemI::createSoundInternal             : exinfo->numsubsounds       = 1
[LOG] SystemI::createSoundInternal             : exinfo->inclusionlist      = 0x7000001e17bc
[LOG] SystemI::createSoundInternal             : exinfo->inclusionlistnum   = 1
[LOG] SystemI::createSoundInternal             : exinfo->suggestedsoundtype = 5
[LOG] SystemI::createSoundInternal             : exinfo->useropen           = 0x13c48e01b
[LOG] SystemI::createSoundInternal             : exinfo->userclose          = 0x13c48e0d7
[LOG] SystemI::createSoundInternal             : exinfo->userread           = 0x13c48e107
[LOG] SystemI::createSoundInternal             : exinfo->userseek           = 0x13c48e1a4
[LOG] SystemI::createSoundInternal             : exinfo->fileuserdata       = 0x143d8d528
[LOG] SystemI::createSoundInternal             : exinfo->initialseekpostype = 1
[LOG] SystemI::DSPCodecPoolRegister            : register codec pool for pool type 5
[LOG] SystemI::createSoundInternal             : Format has 1 subsounds.
[LOG] SystemI::createSoundInternal             : Create as FMOD_CREATESAMPLE
[LOG] SystemI::createSoundInternal             : Multi-sample sound (1 subsounds), create a sample container.
[LOG] SystemI::createSoundInternal             : creating subsound 0/1
[LOG] SystemI::createSample                    : mode 02000202 length 10872 samples, lengthbytes 2208
[LOG] SystemI::createSample                    : channels = 1
[LOG] SystemI::createSample                    : output = 0x1479cd5d8
[LOG] OutputSoftware::createSample             : lengthpcm 10872, lengthbytes 2208, channels 1, format 2, freq 48000, mode 0200020a
[LOG] SystemI::createSoundInternal             : No name found in file, use filename.
[LOG] SystemI::createSoundInternal             : done.  OpenState now = FMOD_OPENSTATE_READY.

[LOG] SystemI::createSoundInternal             : filename =  : mode 02000202
[LOG] SystemI::createSoundInternal             : exinfo->cbsize             = 232
[LOG] SystemI::createSoundInternal             : exinfo->length             = 344672
[LOG] SystemI::createSoundInternal             : exinfo->fileoffset         = 21056
[LOG] SystemI::createSoundInternal             : exinfo->numsubsounds       = 1
[LOG] SystemI::createSoundInternal             : exinfo->inclusionlist      = 0x7000001e17bc
[LOG] SystemI::createSoundInternal             : exinfo->inclusionlistnum   = 1
[LOG] SystemI::createSoundInternal             : exinfo->suggestedsoundtype = 5
[LOG] SystemI::createSoundInternal             : exinfo->useropen           = 0x13c48e01b
[LOG] SystemI::createSoundInternal             : exinfo->userclose          = 0x13c48e0d7
[LOG] SystemI::createSoundInternal             : exinfo->userread           = 0x13c48e107
[LOG] SystemI::createSoundInternal             : exinfo->userseek           = 0x13c48e1a4
[LOG] SystemI::createSoundInternal             : exinfo->fileuserdata       = 0x143d8d528
[LOG] SystemI::createSoundInternal             : exinfo->initialseekpostype = 1
[LOG] SystemI::DSPCodecPoolRegister            : register codec pool for pool type 5
[LOG] SystemI::createSoundInternal             : Format has 1 subsounds.
[LOG] SystemI::createSoundInternal             : Create as FMOD_CREATESAMPLE
[LOG] SystemI::createSoundInternal             : Multi-sample sound (1 subsounds), create a sample container.
[LOG] SystemI::createSoundInternal             : creating subsound 0/1
[LOG] SystemI::createSample                    : mode 02000202 length 11448 samples, lengthbytes 2400
[LOG] SystemI::createSample                    : channels = 1
[LOG] SystemI::createSample                    : output = 0x1479cd5d8
[LOG] OutputSoftware::createSample             : lengthpcm 11448, lengthbytes 2400, channels 1, format 2, freq 48000, mode 0200020a
[LOG] SystemI::createSoundInternal             : No name found in file, use filename.
[LOG] SystemI::createSoundInternal             : done.  OpenState now = FMOD_OPENSTATE_READY.

[LOG] Manager::readBank                        : fileversion = 99, compatVersion = 99 (oldest = 44, newest = 99)
[LOG] SoundI::release                          :  (0x137b614a8)
[LOG] SoundI::release                          : release subsounds. (0x137b614a8)
[LOG] SoundI::release                          :     gravelstep 1 mono (0x147cd7f58)
[LOG] SoundI::release                          :     done
[LOG] SoundI::release                          : release codec. (0x137b614a8)
[LOG] SoundI::release                          : done
[LOG] SoundI::release                          :  (0x137b6dc88)
[LOG] SoundI::release                          : release subsounds. (0x137b6dc88)
[LOG] SoundI::release                          :     gravelstep 2 mono (0x147cc0978)
[LOG] SoundI::release                          :     done
[LOG] SoundI::release                          : release codec. (0x137b6dc88)
[LOG] SoundI::release                          : done
[LOG] SoundI::release                          :  (0x137b97a98)
[LOG] SoundI::release                          : release subsounds. (0x137b97a98)
[LOG] SoundI::release                          :     gravelstep 3 mono (0x147c58058)
[LOG] SoundI::release                          :     done
[LOG] SoundI::release                          : release codec. (0x137b97a98)
[LOG] SoundI::release                          : done
[LOG] SoundI::release                          :  (0x137b964d8)
[LOG] SoundI::release                          : release subsounds. (0x137b964d8)
[LOG] SoundI::release                          :     gravelstep 4 mono (0x147c48ff8)
[LOG] SoundI::release                          :     done
[LOG] SoundI::release                          : release codec. (0x137b964d8)
[LOG] SoundI::release                          : done
[LOG] SoundI::release                          :  (0x137b721e8)
[LOG] SoundI::release                          : release subsounds. (0x137b721e8)
[LOG] SoundI::release                          :     gravelstep 5 mono (0x147ccd6f8)
[LOG] SoundI::release                          :     done
[LOG] SoundI::release                          : release codec. (0x137b721e8)
[LOG] SoundI::release                          : done
[LOG] SoundI::release                          :  (0x137b960d8)
[LOG] SoundI::release                          : release subsounds. (0x137b960d8)
[LOG] SoundI::release                          :     gravelstep 6 mono (0x147cd5998)
[LOG] SoundI::release                          :     done
[LOG] SoundI::release                          : release codec. (0x137b960d8)
[LOG] SoundI::release                          : done
[LOG] SoundI::release                          :  (0x137b9de18)
[LOG] SoundI::release                          : release subsounds. (0x137b9de18)
[LOG] SoundI::release                          :     gravelstep 7 mono (0x147c9c278)
[LOG] SoundI::release                          :     done
[LOG] SoundI::release                          : release codec. (0x137b9de18)
[LOG] SoundI::release                          : done
[LOG] SoundI::release                          :  (0x137b62f88)
[LOG] SoundI::release                          : release subsounds. (0x137b62f88)
[LOG] SoundI::release                          :     gravelstep 8 mono (0x147ce50b8)
[LOG] SoundI::release                          :     done
[LOG] SoundI::release                          : release codec. (0x137b62f88)
[LOG] SoundI::release                          : done
[LOG] Thread::callback                         : FMOD Studio update thread finished.
[LOG] Thread::callback                         : FMOD Studio bank load thread finished.
[LOG] Profile::disconnectAll                   : Profiler disconnecting all clients
[LOG] Thread::callback                         : FMOD Studio sample load thread finished.
[LOG] LiveUpdate::release                      : 
[LOG] LiveUpdate::reset                        : Reset connection (reason Disconnected)
[LOG] SystemI::close                           : 
[LOG] SystemI::close                           : Stop all sounds
[LOG] Thread::callback                         : FMOD stream thread finished.
[LOG] SystemI::close                           : Stream thread destroyed
[LOG] Thread::callback                         : FMOD mixer thread finished.
[LOG] Profile::disconnectAll                   : Profiler disconnecting all clients
[LOG] SystemI::close                           : Free master channel group.
[LOG] SystemI::close                           : Remove 'master' sound group.
[LOG] SystemI::close                           : Free software output.
[LOG] SystemI::close                           : Free emulated output.
[LOG] SystemI::close                           : Free channel pool.
[LOG] SystemI::close                           : done.

[LOG] Manager::readBank                        : fileversion = 99, compatVersion = 99 (oldest = 44, newest = 99)
[LOG] Manager::readBank                        : fileversion = 99, compatVersion = 99 (oldest = 44, newest = 99)
[LOG] Manager::readBank                        : fileversion = 99, compatVersion = 99 (oldest = 44, newest = 99)
[LOG] Manager::readBank                        : fileversion = 99, compatVersion = 99 (oldest = 44, newest = 99)
[LOG] PlaybackSystem::acquireMasterBus         : Setting master channel group format to 6
[LOG] Thread::callback                         : FMOD Studio bank load thread finished.
[LOG] Thread::callback                         : FMOD Studio sample load thread finished.
[LOG] LiveUpdate::release                      : 
[LOG] LiveUpdate::reset                        : Reset connection (reason Disconnected)
[LOG] SystemI::close                           : 
[LOG] SystemI::close                           : Stop all sounds
[LOG] Thread::callback                         : FMOD stream thread finished.
[LOG] SystemI::close                           : Stream thread destroyed
[LOG] Thread::callback                         : FMOD mixer thread finished.
[LOG] SystemI::close                           : Free master channel group.
[LOG] SystemI::close                           : Remove 'master' sound group.
[LOG] SystemI::close                           : Free software output.
[LOG] SystemI::close                           : Free emulated output.
[LOG] SystemI::close                           : Free channel pool.
[LOG] SystemI::close                           : done.

