[LOG] System::create                           : Header version = 1.10.02. Current version = 1.10.02.
[LOG] SystemI::setOutputInternal               : Setting output to type 0
[LOG] Manager::init                            : maxchannels = 1024 studioflags = 00000009 flags 00000000 extradriverdata 0x0.
[LOG] SystemI::init                            : FMOD Studio Version: 00011002 (92217)
[LOG] SystemI::init                            : maxchannels = 1024, flags = 00030000, extradriverdata = 0x0
[LOG] SystemI::setOutputInternal               : Setting output to type 12
[LOG] SystemI::setOutputInternal               : Setting output to type 12
[LOG] OutputCoreAudio::enumerate               : Enumerating...
[LOG] OutputCoreAudio::enumerate               : Found output driver: "Built-in Output".
[LOG] OutputCoreAudio::enumerate               : Found output driver: "Soundflower (2ch)".
[LOG] OutputCoreAudio::enumerate               : Found output driver: "Soundflower (64ch)".
[LOG] OutputCoreAudio::enumerate               : Done.
[LOG] SystemI::setOutputInternal               : Setting output to type 12
[LOG] SystemI::setOutputInternal               : Setting output to type 12
[LOG] SystemI::setOutputInternal               : Setting output to type 12
[LOG] OutputCoreAudio::init                    : Output running 2 channels at 44100Hz sample rate.
[LOG] OutputCoreAudio::init                    : Maximum hardware read size: 1024 samples, Software buffer size: 512 samples, Number of software buffers: 4.
[WRN] SystemI::init                            : Output requires a sample rate of 44100Hz, resampling will occur.
[LOG] SystemI::init                            : Create master channel group and master sound group.
[LOG] SystemI::init                            : Set up emulated output.  1024 channels
[LOG] SystemI::init                            : create the channel pool
[LOG] SystemI::init                            : create the stream thread
[LOG] Thread::initThread                       : Init FMOD stream thread. Priority: 2, Stack Size: 65536, Semaphore: No, Sleep Time: 10, Looping: Yes.
[LOG] SystemI::DSPCodecPoolRegister            : register codec pool for pool type 5
[LOG] Thread::initThread                       : Init FMOD mixer thread. Priority: 3, Stack Size: 49152, Semaphore: Yes, Sleep Time: 0, Looping: Yes.
[LOG] AsyncManager::init                       : manager 0x14653ee08 isAsync 1 updatePeriod 0.02
[LOG] Thread::initThread                       : Init FMOD Studio update thread. Priority: 0, Stack Size: 65536, Semaphore: No, Sleep Time: 1, Looping: No.
[LOG] AsyncManager::init                       : done
[LOG] PlaybackSystem::init                     : 
[LOG] Thread::initThread                       : Init FMOD Studio sample load thread. Priority: 0, Stack Size: 65536, Semaphore: No, Sleep Time: 1, Looping: No.
[LOG] PlaybackSystem::init                     : done
[LOG] LiveUpdate::init                         : 
[LOG] Thread::initThread                       : Init FMOD Studio bank load thread. Priority: 0, Stack Size: 65536, Semaphore: No, Sleep Time: 1, Looping: No.
[LOG] Manager::init                            : done.
[LOG] Profile::init                            : Profiler listening on port: 9264
[LOG] Manager::readBank                        : fileversion = 99, compatVersion = 99 (oldest = 44, newest = 99)
[LOG] Manager::readBank                        : fileversion = 99, compatVersion = 99 (oldest = 44, newest = 99)
[LOG] PlaybackSystem::acquireMasterBus         : Setting master channel group format to 6
[LOG] SystemI::createSound                     : filename = /Users/Finbar/Documents/Game Jam Docs/BeefRoast/BeefRoast FMOD/Build/Desktop/Master Bank.bank : mode 02010082
[LOG] SystemI::createSound                     : FMOD_NONBLOCKING specified.  Putting into queue to be opened asynchronously!
[LOG] SystemI::createSound                     : setdata soundi = 0x139731748 : node = 0x14a3e9250
[LOG] SystemI::createSound                     : add node to async list : head = 0x14a003788.  list count = 0
[LOG] AsyncThread::threadFunc                  : Starting Asynchronous operation on sound 0x139731748
[LOG] SystemI::createSoundInternal             :     filename = /Users/Finbar/Documents/Game Jam Docs/BeefRoast/BeefRoast FMOD/Build/Desktop/Master Bank.bank : mode 02010082
[LOG] SystemI::createSoundInternal             :     exinfo->cbsize             = 232
[LOG] SystemI::createSoundInternal             :     exinfo->length             = 2100896
[LOG] SystemI::createSoundInternal             :     exinfo->fileoffset         = 37408
[LOG] SystemI::createSoundInternal             :     exinfo->numsubsounds       = 1
[LOG] SystemI::createSoundInternal             :     exinfo->inclusionlist      = 0x14a3e9368
[LOG] SystemI::createSoundInternal             :     exinfo->inclusionlistnum   = 1
[LOG] SystemI::createSoundInternal             :     exinfo->suggestedsoundtype = 5
[LOG] SystemI::createSoundInternal             :     exinfo->initialseekpostype = 1
[LOG] SystemI::createSound                     :     filename = /Users/Finbar/Documents/Game Jam Docs/BeefRoast/BeefRoast FMOD/Build/Desktop/Master Bank.bank : mode 02010082
[LOG] SystemI::createSound                     :     FMOD_NONBLOCKING specified.  Putting into queue to be opened asynchronously!
[LOG] SystemI::createSound                     :     setdata soundi = 0x143a22408 : node = 0x143af5c40
[LOG] SystemI::createSound                     :     add node to async list : head = 0x14a003788.  list count = 0
[LOG] SystemI::createSound                     :     filename = /Users/Finbar/Documents/Game Jam Docs/BeefRoast/BeefRoast FMOD/Build/Desktop/Master Bank.bank : mode 02010082
[LOG] SystemI::createSound                     :     FMOD_NONBLOCKING specified.  Putting into queue to be opened asynchronously!
[LOG] SystemI::createSound                     :     setdata soundi = 0x143a23ad8 : node = 0x143af4310
[LOG] SystemI::createSound                     :     add node to async list : head = 0x14a003788.  list count = 1
[LOG] SystemI::createSoundInternal             :     Format has 1 subsounds.
[LOG] SystemI::createSoundInternal             :     Create as FMOD_CREATESTREAM
[LOG] System::createSoundInternal              :     decode buffersize = 19200 : blocksize = 256 : format = 2
[LOG] SystemI::createSample                    :     mode 02010082 length 19200 samples, lengthbytes 828480
[LOG] SystemI::createSample                    :     channels = 2
[LOG] SystemI::createSample                    :     output = 0x143a28758
[LOG] OutputSoftware::createSample             :     lengthpcm 19200, lengthbytes 828480, channels 2, format 2, freq 48000, mode 0201008a
[LOG] System::createSoundInternal              :     1 subsounds detected.
[LOG] System::createSoundInternal              :     Seek stream to start
[LOG] System::createSoundInternal              :     flush stream buffer
[LOG] System::createSoundInternal              :     flush successful.
[LOG] System::createSoundInternal              :     switch file handle from small blocking single buffered to large nonblocking doublebuffered.
[LOG] SystemI::createSoundInternal             :     done.  OpenState now = FMOD_OPENSTATE_READY.

[LOG] AsyncThread::threadFunc                  : Finished Asynchronous operation on sound 0x139731748
[LOG] AsyncThread::threadFunc                  : Starting Asynchronous operation on sound 0x143a22408
[LOG] SystemI::createSoundInternal             :     filename = /Users/Finbar/Documents/Game Jam Docs/BeefRoast/BeefRoast FMOD/Build/Desktop/Master Bank.bank : mode 02010082
[LOG] SystemI::createSoundInternal             :     exinfo->cbsize             = 232
[LOG] SystemI::createSoundInternal             :     exinfo->length             = 2100896
[LOG] SystemI::createSoundInternal             :     exinfo->fileoffset         = 37408
[LOG] SystemI::createSoundInternal             :     exinfo->numsubsounds       = 1
[LOG] SystemI::createSoundInternal             :     exinfo->inclusionlist      = 0x143af5d58
[LOG] SystemI::createSoundInternal             :     exinfo->inclusionlistnum   = 1
[LOG] SystemI::createSoundInternal             :     exinfo->suggestedsoundtype = 5
[LOG] SystemI::createSoundInternal             :     exinfo->initialseekpostype = 1
[LOG] SystemI::createSoundInternal             :     Format has 1 subsounds.
[LOG] SystemI::createSoundInternal             :     Create as FMOD_CREATESTREAM
[LOG] System::createSoundInternal              :     decode buffersize = 19200 : blocksize = 256 : format = 2
[LOG] SystemI::createSample                    :     mode 02010082 length 19200 samples, lengthbytes 327680
[LOG] SystemI::createSample                    :     channels = 2
[LOG] SystemI::createSample                    :     output = 0x143a28758
[LOG] OutputSoftware::createSample             :     lengthpcm 19200, lengthbytes 327680, channels 2, format 2, freq 48000, mode 0201008a
[LOG] System::createSoundInternal              :     1 subsounds detected.
[LOG] System::createSoundInternal              :     Seek stream to start
[LOG] System::createSoundInternal              :     flush stream buffer
[LOG] System::createSoundInternal              :     flush successful.
[LOG] System::createSoundInternal              :     switch file handle from small blocking single buffered to large nonblocking doublebuffered.
[LOG] SystemI::createSoundInternal             :     done.  OpenState now = FMOD_OPENSTATE_READY.

[LOG] AsyncThread::threadFunc                  : Finished Asynchronous operation on sound 0x143a22408
[LOG] AsyncThread::threadFunc                  : Starting Asynchronous operation on sound 0x143a23ad8
[LOG] SystemI::createSoundInternal             :     filename = /Users/Finbar/Documents/Game Jam Docs/BeefRoast/BeefRoast FMOD/Build/Desktop/Master Bank.bank : mode 02010082
[LOG] SystemI::createSoundInternal             :     exinfo->cbsize             = 232
[LOG] SystemI::createSoundInternal             :     exinfo->length             = 2100896
[LOG] SystemI::createSoundInternal             :     exinfo->fileoffset         = 37408
[LOG] SystemI::createSoundInternal             :     exinfo->numsubsounds       = 1
[LOG] SystemI::createSoundInternal             :     exinfo->inclusionlist      = 0x143af4428
[LOG] SystemI::createSoundInternal             :     exinfo->inclusionlistnum   = 1
[LOG] SystemI::createSoundInternal             :     exinfo->suggestedsoundtype = 5
[LOG] SystemI::createSoundInternal             :     exinfo->initialseekpostype = 1
[LOG] SystemI::createSoundInternal             :     Format has 1 subsounds.
[LOG] SystemI::createSoundInternal             :     Create as FMOD_CREATESTREAM
[LOG] System::createSoundInternal              :     decode buffersize = 19200 : blocksize = 256 : format = 2
[LOG] SystemI::createSample                    :     mode 02010082 length 19200 samples, lengthbytes 172992
[LOG] SystemI::createSample                    :     channels = 2
[LOG] SystemI::createSample                    :     output = 0x143a28758
[LOG] OutputSoftware::createSample             :     lengthpcm 19200, lengthbytes 172992, channels 2, format 2, freq 48000, mode 0201008a
[LOG] System::createSoundInternal              :     1 subsounds detected.
[LOG] System::createSoundInternal              :     Seek stream to start
[LOG] System::createSoundInternal              :     flush stream buffer
[LOG] System::createSoundInternal              :     flush successful.
[LOG] System::createSoundInternal              :     switch file handle from small blocking single buffered to large nonblocking doublebuffered.
[LOG] SystemI::createSoundInternal             :     done.  OpenState now = FMOD_OPENSTATE_READY.

[LOG] AsyncThread::threadFunc                  : Finished Asynchronous operation on sound 0x143a23ad8
[LOG] SoundI::getSubSound                      : sound 0x139731748.  Subsound index 0 / 1
[LOG] SoundI::getSubSound                      : sound 0x143a22408.  Subsound index 0 / 1
[LOG] SoundI::getSubSound                      : sound 0x143a23ad8.  Subsound index 0 / 1
[LOG] SystemI::createSoundInternal             : filename =  : mode 02000202
[LOG] SystemI::createSoundInternal             : exinfo->cbsize             = 232
[LOG] SystemI::createSoundInternal             : exinfo->length             = 2100896
[LOG] SystemI::createSoundInternal             : exinfo->fileoffset         = 37408
[LOG] SystemI::createSoundInternal             : exinfo->numsubsounds       = 1
[LOG] SystemI::createSoundInternal             : exinfo->inclusionlist      = 0x70000025a7bc
[LOG] SystemI::createSoundInternal             : exinfo->inclusionlistnum   = 1
[LOG] SystemI::createSoundInternal             : exinfo->suggestedsoundtype = 5
[LOG] SystemI::createSoundInternal             : exinfo->useropen           = 0x14e9db01b
[LOG] SystemI::createSoundInternal             : exinfo->userclose          = 0x14e9db0d7
[LOG] SystemI::createSoundInternal             : exinfo->userread           = 0x14e9db107
[LOG] SystemI::createSoundInternal             : exinfo->userseek           = 0x14e9db1a4
[LOG] SystemI::createSoundInternal             : exinfo->fileuserdata       = 0x14598d388
[LOG] SystemI::createSoundInternal             : exinfo->initialseekpostype = 1
[LOG] SystemI::DSPCodecPoolRegister            : register codec pool for pool type 5
[LOG] SystemI::createSoundInternal             : Format has 1 subsounds.
[LOG] SystemI::createSoundInternal             : Create as FMOD_CREATESAMPLE
[LOG] SystemI::createSoundInternal             : Multi-sample sound (1 subsounds), create a sample container.
[LOG] SystemI::createSoundInternal             : creating subsound 0/1
[LOG] SystemI::createSample                    : mode 02000202 length 9800 samples, lengthbytes 1952
[LOG] SystemI::createSample                    : channels = 1
[LOG] SystemI::createSample                    : output = 0x143a28758
[LOG] OutputSoftware::createSample             : lengthpcm 9800, lengthbytes 1952, channels 1, format 2, freq 48000, mode 0200020a
[LOG] SystemI::createSoundInternal             : No name found in file, use filename.
[LOG] SystemI::createSoundInternal             : done.  OpenState now = FMOD_OPENSTATE_READY.

[LOG] SystemI::createSoundInternal             : filename =  : mode 02000202
[LOG] SystemI::createSoundInternal             : exinfo->cbsize             = 232
[LOG] SystemI::createSoundInternal             : exinfo->length             = 2100896
[LOG] SystemI::createSoundInternal             : exinfo->fileoffset         = 37408
[LOG] SystemI::createSoundInternal             : exinfo->numsubsounds       = 1
[LOG] SystemI::createSoundInternal             : exinfo->inclusionlist      = 0x70000025a7bc
[LOG] SystemI::createSoundInternal             : exinfo->inclusionlistnum   = 1
[LOG] SystemI::createSoundInternal             : exinfo->suggestedsoundtype = 5
[LOG] SystemI::createSoundInternal             : exinfo->useropen           = 0x14e9db01b
[LOG] SystemI::createSoundInternal             : exinfo->userclose          = 0x14e9db0d7
[LOG] SystemI::createSoundInternal             : exinfo->userread           = 0x14e9db107
[LOG] SystemI::createSoundInternal             : exinfo->userseek           = 0x14e9db1a4
[LOG] SystemI::createSoundInternal             : exinfo->fileuserdata       = 0x14598d388
[LOG] SystemI::createSoundInternal             : exinfo->initialseekpostype = 1
[LOG] SystemI::DSPCodecPoolRegister            : register codec pool for pool type 5
[LOG] SystemI::createSoundInternal             : Format has 1 subsounds.
[LOG] SystemI::createSoundInternal             : Create as FMOD_CREATESAMPLE
[LOG] SystemI::createSoundInternal             : Multi-sample sound (1 subsounds), create a sample container.
[LOG] SystemI::createSoundInternal             : creating subsound 0/1
[LOG] SystemI::createSample                    : mode 02000202 length 11616 samples, lengthbytes 2336
[LOG] SystemI::createSample                    : channels = 1
[LOG] SystemI::createSample                    : output = 0x143a28758
[LOG] OutputSoftware::createSample             : lengthpcm 11616, lengthbytes 2336, channels 1, format 2, freq 48000, mode 0200020a
[LOG] SystemI::createSoundInternal             : No name found in file, use filename.
[LOG] SystemI::createSoundInternal             : done.  OpenState now = FMOD_OPENSTATE_READY.

[LOG] SystemI::createSoundInternal             : filename =  : mode 02000202
[LOG] SystemI::createSoundInternal             : exinfo->cbsize             = 232
[LOG] SystemI::createSoundInternal             : exinfo->length             = 2100896
[LOG] SystemI::createSoundInternal             : exinfo->fileoffset         = 37408
[LOG] SystemI::createSoundInternal             : exinfo->numsubsounds       = 1
[LOG] SystemI::createSoundInternal             : exinfo->inclusionlist      = 0x70000025a7bc
[LOG] SystemI::createSoundInternal             : exinfo->inclusionlistnum   = 1
[LOG] SystemI::createSoundInternal             : exinfo->suggestedsoundtype = 5
[LOG] SystemI::createSoundInternal             : exinfo->useropen           = 0x14e9db01b
[LOG] SystemI::createSoundInternal             : exinfo->userclose          = 0x14e9db0d7
[LOG] SystemI::createSoundInternal             : exinfo->userread           = 0x14e9db107
[LOG] SystemI::createSoundInternal             : exinfo->userseek           = 0x14e9db1a4
[LOG] SystemI::createSoundInternal             : exinfo->fileuserdata       = 0x14598d388
[LOG] SystemI::createSoundInternal             : exinfo->initialseekpostype = 1
[LOG] SystemI::DSPCodecPoolRegister            : register codec pool for pool type 5
[LOG] SystemI::createSoundInternal             : Format has 1 subsounds.
[LOG] SystemI::createSoundInternal             : Create as FMOD_CREATESAMPLE
[LOG] SystemI::createSoundInternal             : Multi-sample sound (1 subsounds), create a sample container.
[LOG] SystemI::createSoundInternal             : creating subsound 0/1
[LOG] SystemI::createSample                    : mode 02000202 length 11065 samples, lengthbytes 2336
[LOG] SystemI::createSample                    : channels = 1
[LOG] SystemI::createSample                    : output = 0x143a28758
[LOG] OutputSoftware::createSample             : lengthpcm 11065, lengthbytes 2336, channels 1, format 2, freq 48000, mode 0200020a
[LOG] SystemI::createSoundInternal             : No name found in file, use filename.
[LOG] SystemI::createSoundInternal             : done.  OpenState now = FMOD_OPENSTATE_READY.

[LOG] SystemI::createSoundInternal             : filename =  : mode 02000202
[LOG] SystemI::createSoundInternal             : exinfo->cbsize             = 232
[LOG] SystemI::createSoundInternal             : exinfo->length             = 2100896
[LOG] SystemI::createSoundInternal             : exinfo->fileoffset         = 37408
[LOG] SystemI::createSoundInternal             : exinfo->numsubsounds       = 1
[LOG] SystemI::createSoundInternal             : exinfo->inclusionlist      = 0x70000025a7bc
[LOG] SystemI::createSoundInternal             : exinfo->inclusionlistnum   = 1
[LOG] SystemI::createSoundInternal             : exinfo->suggestedsoundtype = 5
[LOG] SystemI::createSoundInternal             : exinfo->useropen           = 0x14e9db01b
[LOG] SystemI::createSoundInternal             : exinfo->userclose          = 0x14e9db0d7
[LOG] SystemI::createSoundInternal             : exinfo->userread           = 0x14e9db107
[LOG] SystemI::createSoundInternal             : exinfo->userseek           = 0x14e9db1a4
[LOG] SystemI::createSoundInternal             : exinfo->fileuserdata       = 0x14598d388
[LOG] SystemI::createSoundInternal             : exinfo->initialseekpostype = 1
[LOG] SystemI::DSPCodecPoolRegister            : register codec pool for pool type 5
[LOG] SystemI::createSoundInternal             : Format has 1 subsounds.
[LOG] SystemI::createSoundInternal             : Create as FMOD_CREATESAMPLE
[LOG] SystemI::createSoundInternal             : Multi-sample sound (1 subsounds), create a sample container.
[LOG] SystemI::createSoundInternal             : creating subsound 0/1
[LOG] SystemI::createSample                    : mode 02000202 length 11496 samples, lengthbytes 2208
[LOG] SystemI::createSample                    : channels = 1
[LOG] SystemI::createSample                    : output = 0x143a28758
[LOG] OutputSoftware::createSample             : lengthpcm 11496, lengthbytes 2208, channels 1, format 2, freq 48000, mode 0200020a
[LOG] SystemI::createSoundInternal             : No name found in file, use filename.
[LOG] SystemI::createSoundInternal             : done.  OpenState now = FMOD_OPENSTATE_READY.

[LOG] SystemI::createSoundInternal             : filename =  : mode 02000202
[LOG] SystemI::createSoundInternal             : exinfo->cbsize             = 232
[LOG] SystemI::createSoundInternal             : exinfo->length             = 2100896
[LOG] SystemI::createSoundInternal             : exinfo->fileoffset         = 37408
[LOG] SystemI::createSoundInternal             : exinfo->numsubsounds       = 1
[LOG] SystemI::createSoundInternal             : exinfo->inclusionlist      = 0x70000025a7bc
[LOG] SystemI::createSoundInternal             : exinfo->inclusionlistnum   = 1
[LOG] SystemI::createSoundInternal             : exinfo->suggestedsoundtype = 5
[LOG] SystemI::createSoundInternal             : exinfo->useropen           = 0x14e9db01b
[LOG] SystemI::createSoundInternal             : exinfo->userclose          = 0x14e9db0d7
[LOG] SystemI::createSoundInternal             : exinfo->userread           = 0x14e9db107
[LOG] SystemI::createSoundInternal             : exinfo->userseek           = 0x14e9db1a4
[LOG] SystemI::createSoundInternal             : exinfo->fileuserdata       = 0x14598d388
[LOG] SystemI::createSoundInternal             : exinfo->initialseekpostype = 1
[LOG] SystemI::DSPCodecPoolRegister            : register codec pool for pool type 5
[LOG] SystemI::createSoundInternal             : Format has 1 subsounds.
[LOG] SystemI::createSoundInternal             : Create as FMOD_CREATESAMPLE
[LOG] SystemI::createSoundInternal             : Multi-sample sound (1 subsounds), create a sample container.
[LOG] SystemI::createSoundInternal             : creating subsound 0/1
[LOG] SystemI::createSample                    : mode 02000202 length 13608 samples, lengthbytes 3168
[LOG] SystemI::createSample                    : channels = 1
[LOG] SystemI::createSample                    : output = 0x143a28758
[LOG] OutputSoftware::createSample             : lengthpcm 13608, lengthbytes 3168, channels 1, format 2, freq 48000, mode 0200020a
[LOG] SystemI::createSoundInternal             : No name found in file, use filename.
[LOG] SystemI::createSoundInternal             : done.  OpenState now = FMOD_OPENSTATE_READY.

[LOG] SystemI::createSoundInternal             : filename =  : mode 02000202
[LOG] SystemI::createSoundInternal             : exinfo->cbsize             = 232
[LOG] SystemI::createSoundInternal             : exinfo->length             = 2100896
[LOG] SystemI::createSoundInternal             : exinfo->fileoffset         = 37408
[LOG] SystemI::createSoundInternal             : exinfo->numsubsounds       = 1
[LOG] SystemI::createSoundInternal             : exinfo->inclusionlist      = 0x70000025a7bc
[LOG] SystemI::createSoundInternal             : exinfo->inclusionlistnum   = 1
[LOG] SystemI::createSoundInternal             : exinfo->suggestedsoundtype = 5
[LOG] SystemI::createSoundInternal             : exinfo->useropen           = 0x14e9db01b
[LOG] SystemI::createSoundInternal             : exinfo->userclose          = 0x14e9db0d7
[LOG] SystemI::createSoundInternal             : exinfo->userread           = 0x14e9db107
[LOG] SystemI::createSoundInternal             : exinfo->userseek           = 0x14e9db1a4
[LOG] SystemI::createSoundInternal             : exinfo->fileuserdata       = 0x14598d388
[LOG] SystemI::createSoundInternal             : exinfo->initialseekpostype = 1
[LOG] SystemI::DSPCodecPoolRegister            : register codec pool for pool type 5
[LOG] SystemI::createSoundInternal             : Format has 1 subsounds.
[LOG] SystemI::createSoundInternal             : Create as FMOD_CREATESAMPLE
[LOG] SystemI::createSoundInternal             : Multi-sample sound (1 subsounds), create a sample container.
[LOG] SystemI::createSoundInternal             : creating subsound 0/1
[LOG] SystemI::createSample                    : mode 02000202 length 13128 samples, lengthbytes 2528
[LOG] SystemI::createSample                    : channels = 1
[LOG] SystemI::createSample                    : output = 0x143a28758
[LOG] OutputSoftware::createSample             : lengthpcm 13128, lengthbytes 2528, channels 1, format 2, freq 48000, mode 0200020a
[LOG] SystemI::createSoundInternal             : No name found in file, use filename.
[LOG] SystemI::createSoundInternal             : done.  OpenState now = FMOD_OPENSTATE_READY.

[LOG] SystemI::createSoundInternal             : filename =  : mode 02000202
[LOG] SystemI::createSoundInternal             : exinfo->cbsize             = 232
[LOG] SystemI::createSoundInternal             : exinfo->length             = 2100896
[LOG] SystemI::createSoundInternal             : exinfo->fileoffset         = 37408
[LOG] SystemI::createSoundInternal             : exinfo->numsubsounds       = 1
[LOG] SystemI::createSoundInternal             : exinfo->inclusionlist      = 0x70000025a7bc
[LOG] SystemI::createSoundInternal             : exinfo->inclusionlistnum   = 1
[LOG] SystemI::createSoundInternal             : exinfo->suggestedsoundtype = 5
[LOG] SystemI::createSoundInternal             : exinfo->useropen           = 0x14e9db01b
[LOG] SystemI::createSoundInternal             : exinfo->userclose          = 0x14e9db0d7
[LOG] SystemI::createSoundInternal             : exinfo->userread           = 0x14e9db107
[LOG] SystemI::createSoundInternal             : exinfo->userseek           = 0x14e9db1a4
[LOG] SystemI::createSoundInternal             : exinfo->fileuserdata       = 0x14598d388
[LOG] SystemI::createSoundInternal             : exinfo->initialseekpostype = 1
[LOG] SystemI::DSPCodecPoolRegister            : register codec pool for pool type 5
[LOG] SystemI::createSoundInternal             : Format has 1 subsounds.
[LOG] SystemI::createSoundInternal             : Create as FMOD_CREATESAMPLE
[LOG] SystemI::createSoundInternal             : Multi-sample sound (1 subsounds), create a sample container.
[LOG] SystemI::createSoundInternal             : creating subsound 0/1
[LOG] SystemI::createSample                    : mode 02000202 length 10872 samples, lengthbytes 2208
[LOG] SystemI::createSample                    : channels = 1
[LOG] SystemI::createSample                    : output = 0x143a28758
[LOG] OutputSoftware::createSample             : lengthpcm 10872, lengthbytes 2208, channels 1, format 2, freq 48000, mode 0200020a
[LOG] SystemI::createSoundInternal             : No name found in file, use filename.
[LOG] SystemI::createSoundInternal             : done.  OpenState now = FMOD_OPENSTATE_READY.

[LOG] SystemI::createSoundInternal             : filename =  : mode 02000202
[LOG] SystemI::createSoundInternal             : exinfo->cbsize             = 232
[LOG] SystemI::createSoundInternal             : exinfo->length             = 2100896
[LOG] SystemI::createSoundInternal             : exinfo->fileoffset         = 37408
[LOG] SystemI::createSoundInternal             : exinfo->numsubsounds       = 1
[LOG] SystemI::createSoundInternal             : exinfo->inclusionlist      = 0x70000025a7bc
[LOG] SystemI::createSoundInternal             : exinfo->inclusionlistnum   = 1
[LOG] SystemI::createSoundInternal             : exinfo->suggestedsoundtype = 5
[LOG] SystemI::createSoundInternal             : exinfo->useropen           = 0x14e9db01b
[LOG] SystemI::createSoundInternal             : exinfo->userclose          = 0x14e9db0d7
[LOG] SystemI::createSoundInternal             : exinfo->userread           = 0x14e9db107
[LOG] SystemI::createSoundInternal             : exinfo->userseek           = 0x14e9db1a4
[LOG] SystemI::createSoundInternal             : exinfo->fileuserdata       = 0x14598d388
[LOG] SystemI::createSoundInternal             : exinfo->initialseekpostype = 1
[LOG] SystemI::DSPCodecPoolRegister            : register codec pool for pool type 5
[LOG] SystemI::createSoundInternal             : Format has 1 subsounds.
[LOG] SystemI::createSoundInternal             : Create as FMOD_CREATESAMPLE
[LOG] SystemI::createSoundInternal             : Multi-sample sound (1 subsounds), create a sample container.
[LOG] SystemI::createSoundInternal             : creating subsound 0/1
[LOG] SystemI::createSample                    : mode 02000202 length 11448 samples, lengthbytes 2400
[LOG] SystemI::createSample                    : channels = 1
[LOG] SystemI::createSample                    : output = 0x143a28758
[LOG] OutputSoftware::createSample             : lengthpcm 11448, lengthbytes 2400, channels 1, format 2, freq 48000, mode 0200020a
[LOG] SystemI::createSoundInternal             : No name found in file, use filename.
[LOG] SystemI::createSoundInternal             : done.  OpenState now = FMOD_OPENSTATE_READY.

[LOG] SystemI::createSoundInternal             : filename =  : mode 02000202
[LOG] SystemI::createSoundInternal             : exinfo->cbsize             = 232
[LOG] SystemI::createSoundInternal             : exinfo->length             = 2100896
[LOG] SystemI::createSoundInternal             : exinfo->fileoffset         = 37408
[LOG] SystemI::createSoundInternal             : exinfo->numsubsounds       = 1
[LOG] SystemI::createSoundInternal             : exinfo->inclusionlist      = 0x70000025a7bc
[LOG] SystemI::createSoundInternal             : exinfo->inclusionlistnum   = 1
[LOG] SystemI::createSoundInternal             : exinfo->suggestedsoundtype = 5
[LOG] SystemI::createSoundInternal             : exinfo->useropen           = 0x14e9db01b
[LOG] SystemI::createSoundInternal             : exinfo->userclose          = 0x14e9db0d7
[LOG] SystemI::createSoundInternal             : exinfo->userread           = 0x14e9db107
[LOG] SystemI::createSoundInternal             : exinfo->userseek           = 0x14e9db1a4
[LOG] SystemI::createSoundInternal             : exinfo->fileuserdata       = 0x1459759b8
[LOG] SystemI::createSoundInternal             : exinfo->initialseekpostype = 1
[LOG] SystemI::DSPCodecPoolRegister            : register codec pool for pool type 5
[LOG] SystemI::createSoundInternal             : Format has 1 subsounds.
[LOG] SystemI::createSoundInternal             : Create as FMOD_CREATESAMPLE
[LOG] SystemI::createSoundInternal             : Multi-sample sound (1 subsounds), create a sample container.
[LOG] SystemI::createSoundInternal             : creating subsound 0/1
[LOG] SystemI::createSample                    : mode 02000202 length 48000 samples, lengthbytes 4160
[LOG] SystemI::createSample                    : channels = 1
[LOG] SystemI::createSample                    : output = 0x143a28758
[LOG] OutputSoftware::createSample             : lengthpcm 48000, lengthbytes 4160, channels 1, format 2, freq 48000, mode 0200020a
[LOG] SystemI::createSoundInternal             : No name found in file, use filename.
[LOG] SystemI::createSoundInternal             : done.  OpenState now = FMOD_OPENSTATE_READY.

[LOG] SystemI::createSoundInternal             : filename =  : mode 02000202
[LOG] SystemI::createSoundInternal             : exinfo->cbsize             = 232
[LOG] SystemI::createSoundInternal             : exinfo->length             = 2100896
[LOG] SystemI::createSoundInternal             : exinfo->fileoffset         = 37408
[LOG] SystemI::createSoundInternal             : exinfo->numsubsounds       = 1
[LOG] SystemI::createSoundInternal             : exinfo->inclusionlist      = 0x70000025a7bc
[LOG] SystemI::createSoundInternal             : exinfo->inclusionlistnum   = 1
[LOG] SystemI::createSoundInternal             : exinfo->suggestedsoundtype = 5
[LOG] SystemI::createSoundInternal             : exinfo->useropen           = 0x14e9db01b
[LOG] SystemI::createSoundInternal             : exinfo->userclose          = 0x14e9db0d7
[LOG] SystemI::createSoundInternal             : exinfo->userread           = 0x14e9db107
[LOG] SystemI::createSoundInternal             : exinfo->userseek           = 0x14e9db1a4
[LOG] SystemI::createSoundInternal             : exinfo->fileuserdata       = 0x1459759b8
[LOG] SystemI::createSoundInternal             : exinfo->initialseekpostype = 1
[LOG] SystemI::DSPCodecPoolRegister            : register codec pool for pool type 5
[LOG] SystemI::createSoundInternal             : Format has 1 subsounds.
[LOG] SystemI::createSoundInternal             : Create as FMOD_CREATESAMPLE
[LOG] SystemI::createSoundInternal             : Multi-sample sound (1 subsounds), create a sample container.
[LOG] SystemI::createSoundInternal             : creating subsound 0/1
[LOG] SystemI::createSample                    : mode 02000202 length 48000 samples, lengthbytes 4160
[LOG] SystemI::createSample                    : channels = 1
[LOG] SystemI::createSample                    : output = 0x143a28758
[LOG] OutputSoftware::createSample             : lengthpcm 48000, lengthbytes 4160, channels 1, format 2, freq 48000, mode 0200020a
[LOG] SystemI::createSoundInternal             : No name found in file, use filename.
[LOG] SystemI::createSoundInternal             : done.  OpenState now = FMOD_OPENSTATE_READY.

[LOG] SystemI::createSoundInternal             : filename =  : mode 02000202
[LOG] SystemI::createSoundInternal             : exinfo->cbsize             = 232
[LOG] SystemI::createSoundInternal             : exinfo->length             = 2100896
[LOG] SystemI::createSoundInternal             : exinfo->fileoffset         = 37408
[LOG] SystemI::createSoundInternal             : exinfo->numsubsounds       = 1
[LOG] SystemI::createSoundInternal             : exinfo->inclusionlist      = 0x70000025a7bc
[LOG] SystemI::createSoundInternal             : exinfo->inclusionlistnum   = 1
[LOG] SystemI::createSoundInternal             : exinfo->suggestedsoundtype = 5
[LOG] SystemI::createSoundInternal             : exinfo->useropen           = 0x14e9db01b
[LOG] SystemI::createSoundInternal             : exinfo->userclose          = 0x14e9db0d7
[LOG] SystemI::createSoundInternal             : exinfo->userread           = 0x14e9db107
[LOG] SystemI::createSoundInternal             : exinfo->userseek           = 0x14e9db1a4
[LOG] SystemI::createSoundInternal             : exinfo->fileuserdata       = 0x1459759b8
[LOG] SystemI::createSoundInternal             : exinfo->initialseekpostype = 1
[LOG] SystemI::DSPCodecPoolRegister            : register codec pool for pool type 5
[LOG] SystemI::createSoundInternal             : Format has 1 subsounds.
[LOG] SystemI::createSoundInternal             : Create as FMOD_CREATESAMPLE
[LOG] SystemI::createSoundInternal             : Multi-sample sound (1 subsounds), create a sample container.
[LOG] SystemI::createSoundInternal             : creating subsound 0/1
[LOG] SystemI::createSample                    : mode 02000202 length 48000 samples, lengthbytes 2848
[LOG] SystemI::createSample                    : channels = 1
[LOG] SystemI::createSample                    : output = 0x143a28758
[LOG] OutputSoftware::createSample             : lengthpcm 48000, lengthbytes 2848, channels 1, format 2, freq 48000, mode 0200020a
[LOG] SystemI::createSoundInternal             : No name found in file, use filename.
[LOG] SystemI::createSoundInternal             : done.  OpenState now = FMOD_OPENSTATE_READY.

[LOG] SystemI::createSoundInternal             : filename =  : mode 02000202
[LOG] SystemI::createSoundInternal             : exinfo->cbsize             = 232
[LOG] SystemI::createSoundInternal             : exinfo->length             = 2100896
[LOG] SystemI::createSoundInternal             : exinfo->fileoffset         = 37408
[LOG] SystemI::createSoundInternal             : exinfo->numsubsounds       = 1
[LOG] SystemI::createSoundInternal             : exinfo->inclusionlist      = 0x70000025a7bc
[LOG] SystemI::createSoundInternal             : exinfo->inclusionlistnum   = 1
[LOG] SystemI::createSoundInternal             : exinfo->suggestedsoundtype = 5
[LOG] SystemI::createSoundInternal             : exinfo->useropen           = 0x14e9db01b
[LOG] SystemI::createSoundInternal             : exinfo->userclose          = 0x14e9db0d7
[LOG] SystemI::createSoundInternal             : exinfo->userread           = 0x14e9db107
[LOG] SystemI::createSoundInternal             : exinfo->userseek           = 0x14e9db1a4
[LOG] SystemI::createSoundInternal             : exinfo->fileuserdata       = 0x1397553e8
[LOG] SystemI::createSoundInternal             : exinfo->initialseekpostype = 1
[LOG] SystemI::DSPCodecPoolRegister            : register codec pool for pool type 5
[LOG] SystemI::createSoundInternal             : Format has 1 subsounds.
[LOG] SystemI::createSoundInternal             : Create as FMOD_CREATESAMPLE
[LOG] SystemI::createSoundInternal             : Multi-sample sound (1 subsounds), create a sample container.
[LOG] SystemI::createSoundInternal             : creating subsound 0/1
[LOG] SystemI::createSample                    : mode 02000202 length 480000 samples, lengthbytes 80544
[LOG] SystemI::createSample                    : channels = 1
[LOG] SystemI::createSample                    : output = 0x143a28758
[LOG] OutputSoftware::createSample             : lengthpcm 480000, lengthbytes 80544, channels 1, format 2, freq 48000, mode 0200020a
[LOG] SystemI::createSoundInternal             : No name found in file, use filename.
[LOG] SystemI::createSoundInternal             : done.  OpenState now = FMOD_OPENSTATE_READY.

[LOG] SystemI::createSound                     : filename = /Users/Finbar/Documents/Game Jam Docs/BeefRoast/BeefRoast FMOD/Build/Desktop/Master Bank.bank : mode 02010082
[LOG] SystemI::createSound                     : FMOD_NONBLOCKING specified.  Putting into queue to be opened asynchronously!
[LOG] SystemI::createSound                     : setdata soundi = 0x145973cb8 : node = 0x1551d0660
[LOG] SystemI::createSound                     : add node to async list : head = 0x14a003788.  list count = 0
[LOG] AsyncThread::threadFunc                  : Starting Asynchronous operation on sound 0x145973cb8
[LOG] SystemI::createSoundInternal             :     filename = /Users/Finbar/Documents/Game Jam Docs/BeefRoast/BeefRoast FMOD/Build/Desktop/Master Bank.bank : mode 02010082
[LOG] SystemI::createSoundInternal             :     exinfo->cbsize             = 232
[LOG] SystemI::createSoundInternal             :     exinfo->length             = 2100896
[LOG] SystemI::createSoundInternal             :     exinfo->fileoffset         = 37408
[LOG] SystemI::createSoundInternal             :     exinfo->numsubsounds       = 1
[LOG] SystemI::createSoundInternal             :     exinfo->inclusionlist      = 0x1551d0778
[LOG] SystemI::createSoundInternal             :     exinfo->inclusionlistnum   = 1
[LOG] SystemI::createSoundInternal             :     exinfo->suggestedsoundtype = 5
[LOG] SystemI::createSoundInternal             :     exinfo->initialseekpostype = 1
[LOG] SystemI::createSoundInternal             :     Format has 1 subsounds.
[LOG] SystemI::createSoundInternal             :     Create as FMOD_CREATESTREAM
[LOG] System::createSoundInternal              :     decode buffersize = 19200 : blocksize = 256 : format = 2
[LOG] SystemI::createSample                    :     mode 02010082 length 19200 samples, lengthbytes 172992
[LOG] SystemI::createSample                    :     channels = 2
[LOG] SystemI::createSample                    :     output = 0x143a28758
[LOG] OutputSoftware::createSample             :     lengthpcm 19200, lengthbytes 172992, channels 2, format 2, freq 48000, mode 0201008a
[LOG] System::createSoundInternal              :     1 subsounds detected.
[LOG] System::createSoundInternal              :     Seek stream to start
[LOG] System::createSoundInternal              :     flush stream buffer
[LOG] System::createSoundInternal              :     flush successful.
[LOG] System::createSoundInternal              :     switch file handle from small blocking single buffered to large nonblocking doublebuffered.
[LOG] SystemI::createSoundInternal             :     done.  OpenState now = FMOD_OPENSTATE_READY.

[LOG] AsyncThread::threadFunc                  : Finished Asynchronous operation on sound 0x145973cb8
[LOG] SoundI::getSubSound                      : sound 0x145973cb8.  Subsound index 0 / 1
[LOG] SoundI::release                          : wind 1 (0x143a23ad8)
[LOG] SoundI::release                          : remove stream samples. (0x143a23ad8)
[LOG] SoundI::release                          :     wind 1 (0x1523afa28)
[LOG] SoundI::release                          :     done
[LOG] SoundI::release                          : release subsounds. (0x143a23ad8)
[LOG] SoundI::release                          :     wind 1 (0x1523c3408)
[LOG] SoundI::release                          :     done
[LOG] SoundI::release                          : release codec. (0x143a23ad8)
[LOG] SoundI::release                          : done
[LOG] SoundI::release                          : birdcall 2 (0x143a22408)
[LOG] SoundI::release                          : remove stream samples. (0x143a22408)
[LOG] SoundI::release                          :     birdcall 2 (0x152376928)
[LOG] SoundI::release                          :     done
[LOG] SoundI::release                          : release subsounds. (0x143a22408)
[LOG] SoundI::release                          :     birdcall 2 (0x1523b2c58)
[LOG] SoundI::release                          :     done
[LOG] SoundI::release                          : release codec. (0x143a22408)
[LOG] SoundI::release                          : done
[LOG] SoundI::release                          : bg music 1 (0x139731748)
[LOG] SoundI::release                          : remove stream samples. (0x139731748)
[LOG] SoundI::release                          :     bg music 1 (0x163282d08)
[LOG] SoundI::release                          :     done
[LOG] SoundI::release                          : release subsounds. (0x139731748)
[LOG] SoundI::release                          :     bg music 1 (0x13973ad18)
[LOG] SoundI::release                          :     done
[LOG] SoundI::release                          : release codec. (0x139731748)
[LOG] SoundI::release                          : done
[LOG] SoundI::release                          : wind 1 (0x145973cb8)
[LOG] SoundI::release                          : remove stream samples. (0x145973cb8)
[LOG] SoundI::release                          :     wind 1 (0x14a096d78)
[LOG] SoundI::release                          :     done
[LOG] SoundI::release                          : release subsounds. (0x145973cb8)
[LOG] SoundI::release                          :     wind 1 (0x14595ed38)
[LOG] SoundI::release                          :     done
[LOG] SoundI::release                          : release codec. (0x145973cb8)
[LOG] SoundI::release                          : done
[LOG] SoundI::release                          :  (0x15523cff8)
[LOG] SoundI::release                          : release subsounds. (0x15523cff8)
[LOG] SoundI::release                          :     stone dragging 1 mono.L (0x1397eece8)
[LOG] SoundI::release                          :     done
[LOG] SoundI::release                          : release codec. (0x15523cff8)
[LOG] SoundI::release                          : done
[LOG] SoundI::release                          :  (0x14a06b1f8)
[LOG] SoundI::release                          : release subsounds. (0x14a06b1f8)
[LOG] SoundI::release                          :     stone impact 1.L (0x14a09cbc8)
[LOG] SoundI::release                          :     done
[LOG] SoundI::release                          : release codec. (0x14a06b1f8)
[LOG] SoundI::release                          : done
[LOG] SoundI::release                          :  (0x1573561f8)
[LOG] SoundI::release                          : release subsounds. (0x1573561f8)
[LOG] SoundI::release                          :     stone impact 4.L (0x1573536b8)
[LOG] SoundI::release                          :     done
[LOG] SoundI::release                          : release codec. (0x1573561f8)
[LOG] SoundI::release                          : done
[LOG] SoundI::release                          :  (0x14a06bf58)
[LOG] SoundI::release                          : release subsounds. (0x14a06bf58)
[LOG] SoundI::release                          :     stone impact 5.L (0x14a0454a8)
[LOG] SoundI::release                          :     done
[LOG] SoundI::release                          : release codec. (0x14a06bf58)
[LOG] SoundI::release                          : done
[LOG] SoundI::release                          :  (0x14d292728)
[LOG] SoundI::release                          : release subsounds. (0x14d292728)
[LOG] SoundI::release                          :     gravelstep 1 mono (0x14a0bb678)
[LOG] SoundI::release                          :     done
[LOG] SoundI::release                          : release codec. (0x14d292728)
[LOG] SoundI::release                          : done
[LOG] SoundI::release                          :  (0x14d2f30c8)
[LOG] SoundI::release                          : release subsounds. (0x14d2f30c8)
[LOG] SoundI::release                          :     gravelstep 2 mono (0x14a0c7c48)
[LOG] SoundI::release                          :     done
[LOG] SoundI::release                          : release codec. (0x14d2f30c8)
[LOG] SoundI::release                          : done
[LOG] SoundI::release                          :  (0x14a082168)
[LOG] SoundI::release                          : release subsounds. (0x14a082168)
[LOG] SoundI::release                          :     gravelstep 3 mono (0x14a0a57b8)
[LOG] SoundI::release                          :     done
[LOG] SoundI::release                          : release codec. (0x14a082168)
[LOG] SoundI::release                          : done
[LOG] SoundI::release                          :  (0x14a06ea38)
[LOG] SoundI::release                          : release subsounds. (0x14a06ea38)
[LOG] SoundI::release                          :     gravelstep 4 mono (0x14a0a5308)
[LOG] SoundI::release                          :     done
[LOG] SoundI::release                          : release codec. (0x14a06ea38)
[LOG] SoundI::release                          : done
[LOG] SoundI::release                          :  (0x14d204a28)
[LOG] SoundI::release                          : release subsounds. (0x14d204a28)
[LOG] SoundI::release                          :     gravelstep 5 mono (0x14a0c7608)
[LOG] SoundI::release                          :     done
[LOG] SoundI::release                          : release codec. (0x14d204a28)
[LOG] SoundI::release                          : done
[LOG] SoundI::release                          :  (0x14a06caa8)
[LOG] SoundI::release                          : release subsounds. (0x14a06caa8)
[LOG] SoundI::release                          :     gravelstep 6 mono (0x1551b1cc8)
[LOG] SoundI::release                          :     done
[LOG] SoundI::release                          : release codec. (0x14a06caa8)
[LOG] SoundI::release                          : done
[LOG] SoundI::release                          :  (0x14a087618)
[LOG] SoundI::release                          : release subsounds. (0x14a087618)
[LOG] SoundI::release                          :     gravelstep 7 mono (0x14a0d4ab8)
[LOG] SoundI::release                          :     done
[LOG] SoundI::release                          : release codec. (0x14a087618)
[LOG] SoundI::release                          : done
[LOG] SoundI::release                          :  (0x152204538)
[LOG] SoundI::release                          : release subsounds. (0x152204538)
[LOG] SoundI::release                          :     gravelstep 8 mono (0x15207d1a8)
[LOG] SoundI::release                          :     done
[LOG] SoundI::release                          : release codec. (0x152204538)
[LOG] SoundI::release                          : done
[LOG] Thread::callback                         : FMOD Studio update thread finished.
[LOG] Thread::callback                         : FMOD Studio bank load thread finished.
[LOG] Profile::disconnectAll                   : Profiler disconnecting all clients
[LOG] Thread::callback                         : FMOD Studio sample load thread finished.
[LOG] LiveUpdate::release                      : 
[LOG] LiveUpdate::reset                        : Reset connection (reason Disconnected)
[LOG] SystemI::close                           : 
[LOG] SystemI::close                           : Stop all sounds
[LOG] Thread::callback                         : FMOD stream thread finished.
[LOG] SystemI::close                           : Stream thread destroyed
[LOG] Thread::callback                         : FMOD mixer thread finished.
[LOG] Profile::disconnectAll                   : Profiler disconnecting all clients
[LOG] SystemI::close                           : Free master channel group.
[LOG] SystemI::close                           : Remove 'master' sound group.
[LOG] SystemI::close                           : Free software output.
[LOG] SystemI::close                           : Free emulated output.
[LOG] SystemI::close                           : Free channel pool.
[LOG] SystemI::close                           : done.

